<?xml version="1.0" encoding="UTF-8"?>
<!-- Generated by org.testng.reporters.JUnitXMLReporter -->
<testsuite hostname="DESKTOP-7SSCP5Q" failures="0" tests="7" name="Test" time="201.486" errors="0" timestamp="10 Jun 2020 10:20:22 GMT">
  <testcase classname="registrationTestCases.RegistrationPageTest" name="validRegisterTest" time="23.709"/>
  <testcase classname="registrationTestCases.RegistrationPageTest" name="validRegisterTest" time="23.889"/>
  <testcase classname="registrationTestCases.RegistrationPageTest" name="validRegisterTest" time="24.521"/>
  <testcase classname="registrationTestCases.RegistrationPageTest" name="inValidRegisterTest" time="23.498"/>
  <testcase classname="registrationTestCases.RegistrationPageTest" name="inValidRegisterTest" time="23.768"/>
  <testcase classname="registrationTestCases.RegistrationPageTest" name="inValidRegisterTest" time="23.314"/>
  <testcase classname="registrationTestCases.RegistrationPageTest" name="inValidRegisterTest" time="23.194"/>
</testsuite> <!-- Test -->
